\BOOKMARK [0][-]{chapter*.1}{\376\377\000C\000o\000n\000t\000e\000n\000t\000s}{}% 1
\BOOKMARK [0][-]{chapter.1}{\376\377\000I\000n\000t\000r\000o\000d\000u\000c\000t\000i\000o\000n\000\040\000t\000o\000\040\000J\000a\000v\000a\000\040\000P\000r\000o\000g\000r\000a\000m\000m\000i\000n\000g\000\040\000L\000a\000n\000g\000u\000a\000g\000e\000\040\000a\000n\000d\000\040\000O\000b\000j\000e\000c\000t\000-\000O\000r\000i\000e\000n\000t\000e\000d\000\040\000P\000r\000o\000g\000r\000a\000m\000m\000i\000n\000g}{}% 2
\BOOKMARK [1][-]{section.1.1}{\376\377\000I\000n\000t\000r\000o\000d\000u\000c\000t\000i\000o\000n}{chapter.1}% 3
\BOOKMARK [2][-]{subsection.1.1.1}{\376\377\000H\000i\000s\000t\000o\000r\000y\000\040\000o\000f\000\040\000J\000a\000v\000a}{section.1.1}% 4
\BOOKMARK [2][-]{subsection.1.1.2}{\376\377\000J\000a\000v\000a\000\040\000V\000i\000r\000t\000u\000a\000l\000\040\000M\000a\000c\000h\000i\000n\000e\000\050\000J\000V\000M\000\051}{section.1.1}% 5
\BOOKMARK [2][-]{subsection.1.1.3}{\376\377\000J\000a\000v\000a\000\040\000D\000e\000v\000e\000l\000o\000p\000m\000e\000n\000t\000\040\000K\000i\000t\000\050\000J\000D\000K\000\051}{section.1.1}% 6
\BOOKMARK [2][-]{subsection.1.1.4}{\376\377\000J\000a\000v\000a\000\040\000I\000D\000E\000\040\000\050\000I\000n\000t\000e\000g\000r\000a\000t\000e\000d\000\040\000D\000e\000v\000e\000l\000o\000p\000m\000e\000n\000t\000\040\000E\000n\000v\000i\000r\000o\000n\000m\000e\000n\000t\000\051}{section.1.1}% 7
\BOOKMARK [2][-]{subsection.1.1.5}{\376\377\000S\000u\000m\000m\000a\000r\000y}{section.1.1}% 8
\BOOKMARK [1][-]{section.1.2}{\376\377\000B\000a\000s\000i\000c\000\040\000S\000y\000n\000t\000a\000x}{chapter.1}% 9
\BOOKMARK [2][-]{subsection.1.2.1}{\376\377\000J\000a\000v\000a\000\040\000P\000r\000o\000g\000r\000a\000m\000\040\000S\000t\000r\000u\000c\000t\000u\000r\000e}{section.1.2}% 10
\BOOKMARK [3][-]{subsubsection.1.2.1.1}{\376\377\000p\000a\000c\000k\000a\000g\000e}{subsection.1.2.1}% 11
\BOOKMARK [3][-]{subsubsection.1.2.1.2}{\376\377\000c\000l\000a\000s\000s}{subsection.1.2.1}% 12
\BOOKMARK [3][-]{subsubsection.1.2.1.3}{\376\377\000m\000a\000i\000n\000\040\000m\000e\000t\000h\000o\000d}{subsection.1.2.1}% 13
\BOOKMARK [2][-]{subsection.1.2.2}{\376\377\000S\000u\000m\000m\000a\000r\000y}{section.1.2}% 14
\BOOKMARK [1][-]{section.1.3}{\376\377\000L\000e\000x\000i\000c\000a\000l\000\040\000S\000t\000r\000u\000c\000t\000u\000r\000e}{chapter.1}% 15
\BOOKMARK [2][-]{subsection.1.3.1}{\376\377\000U\000n\000i\000c\000o\000d\000e}{section.1.3}% 16
\BOOKMARK [2][-]{subsection.1.3.2}{\376\377\000L\000e\000x\000i\000c\000a\000l\000\040\000T\000r\000a\000n\000s\000l\000a\000t\000i\000o\000n\000s}{section.1.3}% 17
\BOOKMARK [2][-]{subsection.1.3.3}{\376\377\000W\000h\000i\000t\000e\000\040\000S\000p\000a\000c\000e}{section.1.3}% 18
\BOOKMARK [2][-]{subsection.1.3.4}{\376\377\000C\000o\000m\000m\000e\000n\000t\000s}{section.1.3}% 19
\BOOKMARK [2][-]{subsection.1.3.5}{\376\377\000I\000d\000e\000n\000t\000i\000f\000i\000e\000r\000s}{section.1.3}% 20
\BOOKMARK [2][-]{subsection.1.3.6}{\376\377\000K\000e\000y\000w\000o\000r\000d\000s}{section.1.3}% 21
\BOOKMARK [2][-]{subsection.1.3.7}{\376\377\000L\000i\000t\000e\000r\000a\000l\000s}{section.1.3}% 22
\BOOKMARK [2][-]{subsection.1.3.8}{\376\377\000S\000e\000p\000a\000r\000a\000t\000o\000r\000s}{section.1.3}% 23
\BOOKMARK [2][-]{subsection.1.3.9}{\376\377\000S\000u\000m\000m\000a\000r\000y}{section.1.3}% 24
\BOOKMARK [1][-]{section.1.4}{\376\377\000D\000a\000t\000a\000\040\000T\000y\000p\000e\000s}{chapter.1}% 25
\BOOKMARK [2][-]{subsection.1.4.1}{\376\377\000P\000r\000i\000m\000i\000t\000i\000v\000e\000\040\000D\000a\000t\000a\000\040\000T\000y\000p\000e\000s}{section.1.4}% 26
\BOOKMARK [3][-]{subsubsection.1.4.1.1}{\376\377\000b\000y\000t\000e}{subsection.1.4.1}% 27
\BOOKMARK [3][-]{subsubsection.1.4.1.2}{\376\377\000s\000h\000o\000r\000t}{subsection.1.4.1}% 28
\BOOKMARK [3][-]{subsubsection.1.4.1.3}{\376\377\000i\000n\000t}{subsection.1.4.1}% 29
\BOOKMARK [3][-]{subsubsection.1.4.1.4}{\376\377\000l\000o\000n\000g}{subsection.1.4.1}% 30
\BOOKMARK [3][-]{subsubsection.1.4.1.5}{\376\377\000f\000l\000o\000a\000t}{subsection.1.4.1}% 31
\BOOKMARK [3][-]{subsubsection.1.4.1.6}{\376\377\000d\000o\000u\000b\000l\000e}{subsection.1.4.1}% 32
\BOOKMARK [3][-]{subsubsection.1.4.1.7}{\376\377\000c\000h\000a\000r}{subsection.1.4.1}% 33
\BOOKMARK [3][-]{subsubsection.1.4.1.8}{\376\377\000b\000o\000o\000l\000e\000a\000n}{subsection.1.4.1}% 34
\BOOKMARK [2][-]{subsection.1.4.2}{\376\377\000N\000o\000n\000-\000P\000r\000i\000m\000i\000t\000i\000v\000e\000\040\000D\000a\000t\000a\000\040\000T\000y\000p\000e\000s}{section.1.4}% 35
\BOOKMARK [3][-]{subsubsection.1.4.2.1}{\376\377\000R\000e\000f\000e\000r\000e\000n\000c\000e\000\040\000D\000a\000t\000a\000\040\000T\000y\000p\000e\000s}{subsection.1.4.2}% 36
\BOOKMARK [4][-]{section*.4}{\376\377\000S\000t\000r\000i\000n\000g}{subsubsection.1.4.2.1}% 37
\BOOKMARK [4][-]{section*.5}{\376\377\000A\000r\000r\000a\000y\000L\000i\000s\000t}{subsubsection.1.4.2.1}% 38
\BOOKMARK [4][-]{section*.6}{\376\377\000H\000a\000s\000h\000M\000a\000p}{subsubsection.1.4.2.1}% 39
\BOOKMARK [4][-]{section*.7}{\376\377\000H\000a\000s\000h\000S\000e\000t}{subsubsection.1.4.2.1}% 40
\BOOKMARK [4][-]{section*.8}{\376\377\000L\000i\000n\000k\000e\000d\000L\000i\000s\000t}{subsubsection.1.4.2.1}% 41
\BOOKMARK [4][-]{section*.9}{\376\377\000Q\000u\000e\000u\000e}{subsubsection.1.4.2.1}% 42
\BOOKMARK [4][-]{section*.10}{\376\377\000S\000t\000a\000c\000k}{subsubsection.1.4.2.1}% 43
\BOOKMARK [4][-]{section*.11}{\376\377\000T\000r\000e\000e\000M\000a\000p}{subsubsection.1.4.2.1}% 44
\BOOKMARK [4][-]{section*.12}{\376\377\000T\000r\000e\000e\000S\000e\000t}{subsubsection.1.4.2.1}% 45
\BOOKMARK [3][-]{subsubsection.1.4.2.2}{\376\377\000A\000r\000r\000a\000y\000\040\000D\000a\000t\000a\000\040\000T\000y\000p\000e\000s}{subsection.1.4.2}% 46
\BOOKMARK [2][-]{subsection.1.4.3}{\376\377\000S\000u\000m\000m\000a\000r\000y}{section.1.4}% 47
\BOOKMARK [1][-]{section.1.5}{\376\377\000B\000a\000s\000i\000c\000\040\000O\000b\000j\000e\000c\000t\000-\000O\000r\000i\000e\000n\000t\000e\000d\000\040\000P\000r\000o\000g\000r\000a\000m\000m\000i\000n\000g\000\040\000C\000o\000n\000c\000e\000p\000t\000s}{chapter.1}% 48
\BOOKMARK [2][-]{subsection.1.5.1}{\376\377\000W\000h\000y\000\040\000u\000s\000e\000\040\000O\000b\000j\000e\000c\000t\000-\000O\000r\000i\000e\000n\000t\000e\000d\000\040\000P\000r\000o\000g\000r\000a\000m\000m\000i\000n\000g\000?}{section.1.5}% 49
\BOOKMARK [2][-]{subsection.1.5.2}{\376\377\000I\000n\000h\000e\000r\000i\000t\000a\000n\000c\000e}{section.1.5}% 50
\BOOKMARK [2][-]{subsection.1.5.3}{\376\377\000E\000n\000c\000a\000p\000s\000u\000l\000a\000t\000i\000o\000n}{section.1.5}% 51
\BOOKMARK [2][-]{subsection.1.5.4}{\376\377\000P\000o\000l\000y\000m\000o\000r\000p\000h\000i\000s\000m}{section.1.5}% 52
\BOOKMARK [2][-]{subsection.1.5.5}{\376\377\000A\000b\000s\000t\000r\000a\000c\000t\000i\000o\000n}{section.1.5}% 53
\BOOKMARK [2][-]{subsection.1.5.6}{\376\377\000U\000s\000i\000n\000g\000\040\000C\000l\000a\000s\000s\000e\000s\000\040\000a\000n\000d\000\040\000O\000b\000j\000e\000c\000t\000s}{section.1.5}% 54
\BOOKMARK [3][-]{subsubsection.1.5.6.1}{\376\377\000O\000b\000j\000e\000c\000t\000\040\000C\000r\000e\000a\000t\000i\000o\000n\000\040\000a\000n\000d\000\040\000I\000n\000i\000t\000i\000a\000l\000i\000z\000a\000t\000i\000o\000n}{subsection.1.5.6}% 55
\BOOKMARK [3][-]{subsubsection.1.5.6.2}{\376\377\000I\000n\000h\000e\000r\000i\000t\000a\000n\000c\000e}{subsection.1.5.6}% 56
\BOOKMARK [3][-]{subsubsection.1.5.6.3}{\376\377\000P\000o\000l\000y\000m\000o\000r\000p\000h\000i\000s\000m}{subsection.1.5.6}% 57
\BOOKMARK [3][-]{subsubsection.1.5.6.4}{\376\377\000E\000n\000c\000a\000p\000s\000u\000l\000a\000t\000i\000o\000n}{subsection.1.5.6}% 58
\BOOKMARK [3][-]{subsubsection.1.5.6.5}{\376\377\000A\000b\000s\000t\000r\000a\000c\000t\000i\000o\000n}{subsection.1.5.6}% 59
\BOOKMARK [2][-]{subsection.1.5.7}{\376\377\000S\000u\000m\000m\000a\000r\000y}{section.1.5}% 60
\BOOKMARK [0][-]{chapter.2}{\376\377\000C\000o\000n\000t\000r\000o\000l\000\040\000S\000t\000a\000t\000e\000m\000e\000n\000t\000s}{}% 61
\BOOKMARK [1][-]{section.2.1}{\376\377\000C\000o\000n\000d\000i\000t\000i\000o\000n\000a\000l\000\040\000S\000t\000a\000t\000e\000m\000e\000n\000t\000s\000\040\000a\000n\000d\000\040\000D\000e\000c\000i\000s\000i\000o\000n\000\040\000M\000a\000k\000i\000n\000g}{chapter.2}% 62
\BOOKMARK [2][-]{subsection.2.1.1}{\376\377\000I\000f\000\040\000S\000t\000a\000t\000e\000m\000e\000n\000t}{section.2.1}% 63
\BOOKMARK [2][-]{subsection.2.1.2}{\376\377\000I\000f\000-\000E\000l\000s\000e\000\040\000S\000t\000a\000t\000e\000m\000e\000n\000t}{section.2.1}% 64
\BOOKMARK [2][-]{subsection.2.1.3}{\376\377\000I\000f\000-\000E\000l\000s\000e\000-\000I\000f\000\040\000L\000a\000d\000d\000e\000r}{section.2.1}% 65
\BOOKMARK [2][-]{subsection.2.1.4}{\376\377\000N\000e\000s\000t\000e\000d\000\040\000I\000f\000-\000E\000l\000s\000e\000\040\000S\000t\000a\000t\000e\000m\000e\000n\000t\000s}{section.2.1}% 66
\BOOKMARK [2][-]{subsection.2.1.5}{\376\377\000S\000w\000i\000t\000c\000h\000\040\000S\000t\000a\000t\000e\000m\000e\000n\000t}{section.2.1}% 67
\BOOKMARK [1][-]{section.2.2}{\376\377\000I\000t\000e\000r\000a\000t\000i\000o\000n\000\040\000S\000t\000a\000t\000e\000m\000e\000n\000t\000s}{chapter.2}% 68
\BOOKMARK [2][-]{subsection.2.2.1}{\376\377\000W\000h\000i\000l\000e\000\040\000L\000o\000o\000p}{section.2.2}% 69
\BOOKMARK [2][-]{subsection.2.2.2}{\376\377\000D\000o\000-\000W\000h\000i\000l\000e\000\040\000L\000o\000o\000p}{section.2.2}% 70
\BOOKMARK [2][-]{subsection.2.2.3}{\376\377\000F\000o\000r\000\040\000L\000o\000o\000p}{section.2.2}% 71
\BOOKMARK [2][-]{subsection.2.2.4}{\376\377\000F\000o\000r\000\040\000E\000a\000c\000h\000\040\000L\000o\000o\000p}{section.2.2}% 72
\BOOKMARK [2][-]{subsection.2.2.5}{\376\377\000N\000e\000s\000t\000e\000d\000\040\000L\000o\000o\000p\000s}{section.2.2}% 73
\BOOKMARK [1][-]{section.2.3}{\376\377\000J\000u\000m\000p\000\040\000S\000t\000a\000t\000e\000m\000e\000n\000t\000s}{chapter.2}% 74
\BOOKMARK [2][-]{subsection.2.3.1}{\376\377\000B\000r\000e\000a\000k\000\040\000S\000t\000a\000t\000e\000m\000e\000n\000t}{section.2.3}% 75
\BOOKMARK [2][-]{subsection.2.3.2}{\376\377\000C\000o\000n\000t\000i\000n\000u\000e\000\040\000S\000t\000a\000t\000e\000m\000e\000n\000t}{section.2.3}% 76
\BOOKMARK [2][-]{subsection.2.3.3}{\376\377\000R\000e\000t\000u\000r\000n\000\040\000S\000t\000a\000t\000e\000m\000e\000n\000t}{section.2.3}% 77
\BOOKMARK [1][-]{section.2.4}{\376\377\000S\000u\000m\000m\000a\000r\000y}{chapter.2}% 78
\BOOKMARK [0][-]{chapter.3}{\376\377\000M\000e\000t\000h\000o\000d\000s}{}% 79
\BOOKMARK [1][-]{section.3.1}{\376\377\000B\000a\000s\000i\000c\000\040\000o\000f\000\040\000M\000e\000t\000h\000o\000d\000s}{chapter.3}% 80
\BOOKMARK [1][-]{section.3.2}{\376\377\000P\000a\000r\000a\000m\000e\000t\000e\000r\000s\000\040\000a\000n\000d\000\040\000A\000r\000g\000u\000m\000e\000n\000t\000s}{chapter.3}% 81
\BOOKMARK [1][-]{section.3.3}{\376\377\000T\000y\000p\000e\000s\000\040\000o\000f\000\040\000M\000e\000t\000h\000o\000d\000s}{chapter.3}% 82
\BOOKMARK [2][-]{subsection.3.3.1}{\376\377\000P\000r\000e\000d\000e\000f\000i\000n\000e\000d\000\040\000M\000e\000t\000h\000o\000d\000s}{section.3.3}% 83
\BOOKMARK [2][-]{subsection.3.3.2}{\376\377\000U\000s\000e\000r\000-\000D\000e\000f\000i\000n\000e\000d\000\040\000M\000e\000t\000h\000o\000d\000s}{section.3.3}% 84
\BOOKMARK [1][-]{section.3.4}{\376\377\000S\000t\000a\000t\000i\000c\000\040\000M\000e\000t\000h\000o\000d\000s}{chapter.3}% 85
\BOOKMARK [1][-]{section.3.5}{\376\377\000M\000e\000t\000h\000o\000d\000\040\000O\000v\000e\000r\000l\000o\000a\000d\000i\000n\000g}{chapter.3}% 86
\BOOKMARK [1][-]{section.3.6}{\376\377\000R\000e\000c\000u\000r\000s\000i\000o\000n}{chapter.3}% 87
\BOOKMARK [1][-]{section.3.7}{\376\377\000S\000u\000m\000m\000a\000r\000y}{chapter.3}% 88
\BOOKMARK [0][-]{chapter.4}{\376\377\000C\000l\000a\000s\000s\000e\000s\000\040\000a\000n\000d\000\040\000O\000b\000j\000e\000c\000t\000s}{}% 89
\BOOKMARK [1][-]{section.4.1}{\376\377\000B\000a\000s\000i\000c\000s\000\040\000o\000f\000\040\000C\000l\000a\000s\000s\000e\000s\000\040\000a\000n\000d\000\040\000O\000b\000j\000e\000c\000t\000s}{chapter.4}% 90
\BOOKMARK [1][-]{section.4.2}{\376\377\000D\000e\000c\000l\000a\000r\000a\000t\000i\000o\000n\000,\000\040\000I\000n\000t\000i\000a\000l\000i\000z\000a\000t\000i\000o\000n\000,\000\040\000a\000n\000d\000\040\000I\000n\000s\000t\000a\000n\000t\000i\000a\000t\000i\000o\000n}{chapter.4}% 91
\BOOKMARK [1][-]{section.4.3}{\376\377\000C\000o\000n\000s\000t\000r\000u\000c\000t\000o\000r\000s}{chapter.4}% 92
\BOOKMARK [2][-]{subsection.4.3.1}{\376\377\000D\000e\000f\000a\000u\000l\000t\000\040\000C\000o\000n\000s\000t\000r\000u\000c\000t\000o\000r}{section.4.3}% 93
\BOOKMARK [2][-]{subsection.4.3.2}{\376\377\000P\000a\000r\000a\000m\000e\000t\000e\000r\000i\000z\000e\000d\000\040\000C\000o\000n\000s\000t\000r\000u\000c\000t\000o\000r}{section.4.3}% 94
\BOOKMARK [2][-]{subsection.4.3.3}{\376\377\000C\000o\000n\000s\000t\000r\000u\000c\000t\000o\000r\000\040\000O\000v\000e\000r\000l\000o\000a\000d\000i\000n\000g}{section.4.3}% 95
\BOOKMARK [1][-]{section.4.4}{\376\377\000S\000u\000m\000m\000a\000r\000y}{chapter.4}% 96
\BOOKMARK [0][-]{chapter.5}{\376\377\000F\000o\000u\000r\000\040\000P\000i\000l\000l\000a\000r\000s\000\040\000o\000f\000\040\000O\000b\000j\000e\000c\000t\000-\000O\000r\000i\000e\000n\000t\000e\000d\000\040\000P\000r\000o\000g\000r\000a\000m\000m\000i\000n\000g}{}% 97
\BOOKMARK [1][-]{section.5.1}{\376\377\000I\000n\000h\000e\000r\000i\000t\000a\000n\000c\000e}{chapter.5}% 98
\BOOKMARK [1][-]{section.5.2}{\376\377\000P\000o\000l\000y\000m\000o\000r\000p\000h\000i\000s\000m}{chapter.5}% 99
\BOOKMARK [1][-]{section.5.3}{\376\377\000E\000n\000c\000a\000p\000s\000u\000l\000a\000t\000i\000o\000n}{chapter.5}% 100
\BOOKMARK [1][-]{section.5.4}{\376\377\000A\000b\000s\000t\000r\000a\000c\000t\000i\000o\000n}{chapter.5}% 101
\BOOKMARK [1][-]{section.5.5}{\376\377\000T\000y\000p\000e\000c\000a\000s\000t\000i\000n\000g}{chapter.5}% 102
\BOOKMARK [2][-]{subsection.5.5.1}{\376\377\000D\000o\000w\000n\000c\000a\000s\000t\000i\000n\000g}{section.5.5}% 103
\BOOKMARK [2][-]{subsection.5.5.2}{\376\377\000U\000p\000c\000a\000s\000t\000i\000n\000g}{section.5.5}% 104
\BOOKMARK [1][-]{section.5.6}{\376\377\000S\000u\000m\000m\000a\000r\000y}{chapter.5}% 105
\BOOKMARK [0][-]{chapter.6}{\376\377\000C\000o\000m\000p\000o\000s\000i\000t\000i\000o\000n\000\040\000a\000n\000d\000\040\000E\000n\000u\000m\000e\000r\000a\000t\000i\000o\000n}{}% 106
\BOOKMARK [1][-]{section.6.1}{\376\377\000R\000e\000l\000a\000t\000i\000o\000n\000s\000h\000i\000p\000s\000\040\000B\000e\000t\000w\000e\000e\000n\000\040\000C\000l\000a\000s\000s\000e\000s}{chapter.6}% 107
\BOOKMARK [1][-]{section.6.2}{\376\377\000C\000o\000m\000p\000o\000s\000i\000t\000i\000o\000n}{chapter.6}% 108
\BOOKMARK [1][-]{section.6.3}{\376\377\000E\000n\000u\000m\000e\000r\000a\000t\000i\000o\000n}{chapter.6}% 109
\BOOKMARK [1][-]{section.6.4}{\376\377\000S\000u\000m\000m\000a\000r\000y}{chapter.6}% 110
\BOOKMARK [0][-]{chapter.7}{\376\377\000E\000x\000c\000e\000p\000t\000i\000o\000n\000\040\000H\000a\000n\000d\000l\000i\000n\000g\000\040\000a\000n\000d\000\040\000U\000n\000i\000t\000\040\000T\000e\000s\000t\000i\000n\000g}{}% 111
\BOOKMARK [1][-]{section.7.1}{\376\377\000T\000y\000p\000e\000s\000\040\000o\000f\000\040\000E\000x\000c\000e\000p\000t\000i\000o\000n\000s}{chapter.7}% 112
\BOOKMARK [1][-]{section.7.2}{\376\377\000T\000r\000y\000-\000C\000a\000t\000c\000h\000\040\000B\000l\000o\000c\000k}{chapter.7}% 113
\BOOKMARK [1][-]{section.7.3}{\376\377\000E\000x\000c\000e\000p\000t\000i\000o\000n\000\040\000T\000h\000r\000o\000w\000i\000n\000g\000\040\000a\000n\000d\000\040\000P\000r\000o\000p\000a\000g\000a\000t\000i\000o\000n}{chapter.7}% 114
\BOOKMARK [1][-]{section.7.4}{\376\377\000U\000n\000i\000t\000\040\000T\000e\000s\000t\000i\000n\000g}{chapter.7}% 115
\BOOKMARK [1][-]{section.7.5}{\376\377\000S\000u\000m\000m\000a\000r\000y}{chapter.7}% 116
\BOOKMARK [0][-]{chapter.8}{\376\377\000C\000o\000d\000i\000n\000g\000\040\000G\000u\000i\000d\000e\000l\000i\000n\000e\000s\000\040\000a\000n\000d\000\040\000B\000e\000s\000t\000\040\000P\000r\000a\000c\000t\000i\000c\000e\000s}{}% 117
\BOOKMARK [1][-]{section.8.1}{\376\377\000N\000a\000m\000i\000n\000g\000\040\000C\000o\000n\000v\000e\000n\000t\000i\000o\000n\000s}{chapter.8}% 118
\BOOKMARK [1][-]{section.8.2}{\376\377\000C\000o\000d\000e\000\040\000F\000o\000r\000m\000a\000t\000t\000i\000n\000g}{chapter.8}% 119
\BOOKMARK [1][-]{section.8.3}{\376\377\000D\000o\000c\000u\000m\000e\000n\000t\000a\000t\000i\000o\000n}{chapter.8}% 120
\BOOKMARK [1][-]{section.8.4}{\376\377\000C\000o\000d\000e\000\040\000M\000a\000i\000n\000t\000a\000i\000n\000a\000b\000i\000l\000i\000t\000y}{chapter.8}% 121
\BOOKMARK [1][-]{section.8.5}{\376\377\000S\000u\000m\000m\000a\000r\000y}{chapter.8}% 122
\BOOKMARK [0][-]{chapter.9}{\376\377\000R\000e\000f\000e\000r\000e\000n\000c\000e\000s}{}% 123
