\BOOKMARK [0][-]{chapter*.1}{\376\377\000C\000o\000n\000t\000e\000n\000t\000s}{}% 1
\BOOKMARK [0][-]{chapter*.2}{\376\377\000L\000i\000s\000t\000\040\000o\000f\000\040\000F\000i\000g\000u\000r\000e\000s}{}% 2
\BOOKMARK [0][-]{chapter*.3}{\376\377\000L\000i\000s\000t\000\040\000o\000f\000\040\000T\000a\000b\000l\000e\000s}{}% 3
\BOOKMARK [0][-]{chapter*.4}{\376\377\000L\000i\000s\000t\000\040\000o\000f\000\040\000C\000o\000d\000e\000s}{}% 4
\BOOKMARK [0][-]{chapter.1}{\376\377\000I\000n\000t\000r\000o\000d\000u\000c\000t\000i\000o\000n\000\040\000t\000o\000\040\000J\000a\000v\000a\000\040\000P\000r\000o\000g\000r\000a\000m\000m\000i\000n\000g\000\040\000L\000a\000n\000g\000u\000a\000g\000e\000\040\000a\000n\000d\000\040\000O\000b\000j\000e\000c\000t\000-\000O\000r\000i\000e\000n\000t\000e\000d\000\040\000P\000r\000o\000g\000r\000a\000m\000m\000i\000n\000g}{}% 5
\BOOKMARK [1][-]{section.1.1}{\376\377\000I\000n\000t\000r\000o\000d\000u\000c\000t\000i\000o\000n}{chapter.1}% 6
\BOOKMARK [2][-]{subsection.1.1.1}{\376\377\000H\000i\000s\000t\000o\000r\000y\000\040\000o\000f\000\040\000J\000a\000v\000a}{section.1.1}% 7
\BOOKMARK [2][-]{subsection.1.1.2}{\376\377\000J\000a\000v\000a\000\040\000V\000i\000r\000t\000u\000a\000l\000\040\000M\000a\000c\000h\000i\000n\000e\000\050\000J\000V\000M\000\051}{section.1.1}% 8
\BOOKMARK [2][-]{subsection.1.1.3}{\376\377\000J\000a\000v\000a\000\040\000D\000e\000v\000e\000l\000o\000p\000m\000e\000n\000t\000\040\000K\000i\000t\000\050\000J\000D\000K\000\051}{section.1.1}% 9
\BOOKMARK [2][-]{subsection.1.1.4}{\376\377\000J\000a\000v\000a\000\040\000I\000D\000E\000\040\000\050\000I\000n\000t\000e\000g\000r\000a\000t\000e\000d\000\040\000D\000e\000v\000e\000l\000o\000p\000m\000e\000n\000t\000\040\000E\000n\000v\000i\000r\000o\000n\000m\000e\000n\000t\000\051}{section.1.1}% 10
\BOOKMARK [2][-]{subsection.1.1.5}{\376\377\000S\000u\000m\000m\000a\000r\000y}{section.1.1}% 11
\BOOKMARK [1][-]{section.1.2}{\376\377\000B\000a\000s\000i\000c\000\040\000S\000y\000n\000t\000a\000x}{chapter.1}% 12
\BOOKMARK [2][-]{subsection.1.2.1}{\376\377\000J\000a\000v\000a\000\040\000P\000r\000o\000g\000r\000a\000m\000\040\000S\000t\000r\000u\000c\000t\000u\000r\000e}{section.1.2}% 13
\BOOKMARK [3][-]{subsubsection.1.2.1.1}{\376\377\000p\000a\000c\000k\000a\000g\000e}{subsection.1.2.1}% 14
\BOOKMARK [3][-]{subsubsection.1.2.1.2}{\376\377\000c\000l\000a\000s\000s}{subsection.1.2.1}% 15
\BOOKMARK [3][-]{subsubsection.1.2.1.3}{\376\377\000m\000a\000i\000n\000\040\000m\000e\000t\000h\000o\000d}{subsection.1.2.1}% 16
\BOOKMARK [2][-]{subsection.1.2.2}{\376\377\000S\000u\000m\000m\000a\000r\000y}{section.1.2}% 17
\BOOKMARK [1][-]{section.1.3}{\376\377\000L\000e\000x\000i\000c\000a\000l\000\040\000S\000t\000r\000u\000c\000t\000u\000r\000e}{chapter.1}% 18
\BOOKMARK [2][-]{subsection.1.3.1}{\376\377\000U\000n\000i\000c\000o\000d\000e}{section.1.3}% 19
\BOOKMARK [2][-]{subsection.1.3.2}{\376\377\000L\000i\000n\000e\000\040\000T\000e\000r\000m\000i\000n\000a\000t\000o\000r\000s}{section.1.3}% 20
\BOOKMARK [2][-]{subsection.1.3.3}{\376\377\000W\000h\000i\000t\000e\000\040\000S\000p\000a\000c\000e}{section.1.3}% 21
\BOOKMARK [2][-]{subsection.1.3.4}{\376\377\000C\000o\000m\000m\000e\000n\000t\000s}{section.1.3}% 22
\BOOKMARK [2][-]{subsection.1.3.5}{\376\377\000I\000d\000e\000n\000t\000i\000f\000i\000e\000r\000s}{section.1.3}% 23
\BOOKMARK [2][-]{subsection.1.3.6}{\376\377\000K\000e\000y\000w\000o\000r\000d\000s}{section.1.3}% 24
\BOOKMARK [2][-]{subsection.1.3.7}{\376\377\000L\000i\000t\000e\000r\000a\000l\000s}{section.1.3}% 25
\BOOKMARK [2][-]{subsection.1.3.8}{\376\377\000S\000e\000p\000a\000r\000a\000t\000o\000r\000s}{section.1.3}% 26
\BOOKMARK [2][-]{subsection.1.3.9}{\376\377\000O\000p\000e\000r\000a\000t\000o\000r\000s}{section.1.3}% 27
\BOOKMARK [3][-]{subsubsection.1.3.9.1}{\376\377\000A\000r\000i\000t\000h\000m\000e\000t\000i\000c\000\040\000O\000p\000e\000r\000a\000t\000o\000r\000s}{subsection.1.3.9}% 28
\BOOKMARK [3][-]{subsubsection.1.3.9.2}{\376\377\000R\000e\000l\000a\000t\000i\000o\000n\000a\000l\000\040\000O\000p\000e\000r\000a\000t\000o\000r\000s}{subsection.1.3.9}% 29
\BOOKMARK [3][-]{subsubsection.1.3.9.3}{\376\377\000L\000o\000g\000i\000c\000a\000l\000\040\000O\000p\000e\000r\000a\000t\000o\000r\000s}{subsection.1.3.9}% 30
\BOOKMARK [3][-]{subsubsection.1.3.9.4}{\376\377\000A\000s\000s\000i\000g\000n\000m\000e\000n\000t\000\040\000O\000p\000e\000r\000a\000t\000o\000r\000s}{subsection.1.3.9}% 31
\BOOKMARK [3][-]{subsubsection.1.3.9.5}{\376\377\000B\000i\000t\000w\000i\000s\000e\000\040\000O\000p\000e\000r\000a\000t\000o\000r\000s}{subsection.1.3.9}% 32
\BOOKMARK [3][-]{subsubsection.1.3.9.6}{\376\377\000C\000o\000n\000d\000i\000t\000i\000o\000n\000a\000l\000\040\000O\000p\000e\000r\000a\000t\000o\000r\000s}{subsection.1.3.9}% 33
\BOOKMARK [3][-]{subsubsection.1.3.9.7}{\376\377\000i\000n\000s\000t\000a\000n\000c\000e\000o\000f\000\040\000O\000p\000e\000r\000a\000t\000o\000r\000s}{subsection.1.3.9}% 34
\BOOKMARK [3][-]{subsubsection.1.3.9.8}{\376\377\000U\000n\000a\000r\000y\000\040\000O\000p\000e\000r\000a\000t\000o\000r\000s}{subsection.1.3.9}% 35
\BOOKMARK [3][-]{subsubsection.1.3.9.9}{\376\377\000S\000h\000i\000f\000t\000\040\000O\000p\000e\000r\000a\000t\000o\000r\000s}{subsection.1.3.9}% 36
\BOOKMARK [3][-]{subsubsection.1.3.9.10}{\376\377\000T\000e\000r\000n\000a\000r\000y\000\040\000O\000p\000e\000r\000a\000t\000o\000r\000s}{subsection.1.3.9}% 37
\BOOKMARK [2][-]{subsection.1.3.10}{\376\377\000S\000u\000m\000m\000a\000r\000y}{section.1.3}% 38
\BOOKMARK [1][-]{section.1.4}{\376\377\000D\000a\000t\000a\000\040\000T\000y\000p\000e\000s}{chapter.1}% 39
\BOOKMARK [2][-]{subsection.1.4.1}{\376\377\000P\000r\000i\000m\000i\000t\000i\000v\000e\000\040\000D\000a\000t\000a\000\040\000T\000y\000p\000e\000s}{section.1.4}% 40
\BOOKMARK [3][-]{subsubsection.1.4.1.1}{\376\377\000b\000y\000t\000e}{subsection.1.4.1}% 41
\BOOKMARK [3][-]{subsubsection.1.4.1.2}{\376\377\000s\000h\000o\000r\000t}{subsection.1.4.1}% 42
\BOOKMARK [3][-]{subsubsection.1.4.1.3}{\376\377\000i\000n\000t}{subsection.1.4.1}% 43
\BOOKMARK [3][-]{subsubsection.1.4.1.4}{\376\377\000l\000o\000n\000g}{subsection.1.4.1}% 44
\BOOKMARK [3][-]{subsubsection.1.4.1.5}{\376\377\000f\000l\000o\000a\000t}{subsection.1.4.1}% 45
\BOOKMARK [3][-]{subsubsection.1.4.1.6}{\376\377\000d\000o\000u\000b\000l\000e}{subsection.1.4.1}% 46
\BOOKMARK [3][-]{subsubsection.1.4.1.7}{\376\377\000c\000h\000a\000r}{subsection.1.4.1}% 47
\BOOKMARK [3][-]{subsubsection.1.4.1.8}{\376\377\000b\000o\000o\000l\000e\000a\000n}{subsection.1.4.1}% 48
\BOOKMARK [2][-]{subsection.1.4.2}{\376\377\000N\000o\000n\000-\000P\000r\000i\000m\000i\000t\000i\000v\000e\000\040\000D\000a\000t\000a\000\040\000T\000y\000p\000e\000s}{section.1.4}% 49
\BOOKMARK [3][-]{subsubsection.1.4.2.1}{\376\377\000R\000e\000f\000e\000r\000e\000n\000c\000e\000\040\000D\000a\000t\000a\000\040\000T\000y\000p\000e\000s}{subsection.1.4.2}% 50
\BOOKMARK [4][-]{paragraph.1.4.2.1.1}{\376\377\000S\000t\000r\000i\000n\000g}{subsubsection.1.4.2.1}% 51
\BOOKMARK [4][-]{paragraph.1.4.2.1.2}{\376\377\000A\000r\000r\000a\000y\000L\000i\000s\000t}{subsubsection.1.4.2.1}% 52
\BOOKMARK [4][-]{paragraph.1.4.2.1.3}{\376\377\000H\000a\000s\000h\000M\000a\000p}{subsubsection.1.4.2.1}% 53
\BOOKMARK [4][-]{paragraph.1.4.2.1.4}{\376\377\000H\000a\000s\000h\000S\000e\000t}{subsubsection.1.4.2.1}% 54
\BOOKMARK [4][-]{paragraph.1.4.2.1.5}{\376\377\000L\000i\000n\000k\000e\000d\000L\000i\000s\000t}{subsubsection.1.4.2.1}% 55
\BOOKMARK [4][-]{paragraph.1.4.2.1.6}{\376\377\000Q\000u\000e\000u\000e}{subsubsection.1.4.2.1}% 56
\BOOKMARK [4][-]{paragraph.1.4.2.1.7}{\376\377\000S\000t\000a\000c\000k}{subsubsection.1.4.2.1}% 57
\BOOKMARK [4][-]{paragraph.1.4.2.1.8}{\376\377\000T\000r\000e\000e\000M\000a\000p}{subsubsection.1.4.2.1}% 58
\BOOKMARK [4][-]{paragraph.1.4.2.1.9}{\376\377\000T\000r\000e\000e\000S\000e\000t}{subsubsection.1.4.2.1}% 59
\BOOKMARK [3][-]{subsubsection.1.4.2.2}{\376\377\000A\000r\000r\000a\000y\000\040\000D\000a\000t\000a\000\040\000T\000y\000p\000e\000s}{subsection.1.4.2}% 60
\BOOKMARK [2][-]{subsection.1.4.3}{\376\377\000S\000u\000m\000m\000a\000r\000y}{section.1.4}% 61
\BOOKMARK [1][-]{section.1.5}{\376\377\000B\000a\000s\000i\000c\000\040\000O\000b\000j\000e\000c\000t\000-\000O\000r\000i\000e\000n\000t\000e\000d\000\040\000P\000r\000o\000g\000r\000a\000m\000m\000i\000n\000g\000\040\000C\000o\000n\000c\000e\000p\000t\000s}{chapter.1}% 62
\BOOKMARK [2][-]{subsection.1.5.1}{\376\377\000W\000h\000y\000\040\000u\000s\000e\000\040\000O\000b\000j\000e\000c\000t\000-\000O\000r\000i\000e\000n\000t\000e\000d\000\040\000P\000r\000o\000g\000r\000a\000m\000m\000i\000n\000g\000?}{section.1.5}% 63
\BOOKMARK [2][-]{subsection.1.5.2}{\376\377\000I\000n\000h\000e\000r\000i\000t\000a\000n\000c\000e}{section.1.5}% 64
\BOOKMARK [2][-]{subsection.1.5.3}{\376\377\000E\000n\000c\000a\000p\000s\000u\000l\000a\000t\000i\000o\000n}{section.1.5}% 65
\BOOKMARK [2][-]{subsection.1.5.4}{\376\377\000P\000o\000l\000y\000m\000o\000r\000p\000h\000i\000s\000m}{section.1.5}% 66
\BOOKMARK [2][-]{subsection.1.5.5}{\376\377\000A\000b\000s\000t\000r\000a\000c\000t\000i\000o\000n}{section.1.5}% 67
\BOOKMARK [2][-]{subsection.1.5.6}{\376\377\000U\000s\000i\000n\000g\000\040\000C\000l\000a\000s\000s\000e\000s\000\040\000a\000n\000d\000\040\000O\000b\000j\000e\000c\000t\000s}{section.1.5}% 68
\BOOKMARK [3][-]{subsubsection.1.5.6.1}{\376\377\000O\000b\000j\000e\000c\000t\000\040\000C\000r\000e\000a\000t\000i\000o\000n\000\040\000a\000n\000d\000\040\000I\000n\000i\000t\000i\000a\000l\000i\000z\000a\000t\000i\000o\000n}{subsection.1.5.6}% 69
\BOOKMARK [3][-]{subsubsection.1.5.6.2}{\376\377\000I\000n\000h\000e\000r\000i\000t\000a\000n\000c\000e}{subsection.1.5.6}% 70
\BOOKMARK [3][-]{subsubsection.1.5.6.3}{\376\377\000P\000o\000l\000y\000m\000o\000r\000p\000h\000i\000s\000m}{subsection.1.5.6}% 71
\BOOKMARK [3][-]{subsubsection.1.5.6.4}{\376\377\000E\000n\000c\000a\000p\000s\000u\000l\000a\000t\000i\000o\000n}{subsection.1.5.6}% 72
\BOOKMARK [3][-]{subsubsection.1.5.6.5}{\376\377\000A\000b\000s\000t\000r\000a\000c\000t\000i\000o\000n}{subsection.1.5.6}% 73
\BOOKMARK [2][-]{subsection.1.5.7}{\376\377\000S\000u\000m\000m\000a\000r\000y}{section.1.5}% 74
\BOOKMARK [0][-]{chapter.2}{\376\377\000C\000o\000n\000t\000r\000o\000l\000\040\000S\000t\000a\000t\000e\000m\000e\000n\000t\000s}{}% 75
\BOOKMARK [1][-]{section.2.1}{\376\377\000I\000n\000t\000r\000o\000d\000u\000c\000t\000i\000o\000n}{chapter.2}% 76
\BOOKMARK [1][-]{section.2.2}{\376\377\000C\000o\000n\000d\000i\000t\000i\000o\000n\000a\000l\000\040\000S\000t\000a\000t\000e\000m\000e\000n\000t\000s\000\040\000a\000n\000d\000\040\000D\000e\000c\000i\000s\000i\000o\000n\000\040\000M\000a\000k\000i\000n\000g}{chapter.2}% 77
\BOOKMARK [2][-]{subsection.2.2.1}{\376\377\000I\000f\000\040\000S\000t\000a\000t\000e\000m\000e\000n\000t}{section.2.2}% 78
\BOOKMARK [2][-]{subsection.2.2.2}{\376\377\000I\000f\000-\000E\000l\000s\000e\000\040\000S\000t\000a\000t\000e\000m\000e\000n\000t}{section.2.2}% 79
\BOOKMARK [2][-]{subsection.2.2.3}{\376\377\000I\000f\000-\000E\000l\000s\000e\000-\000I\000f\000\040\000L\000a\000d\000d\000e\000r}{section.2.2}% 80
\BOOKMARK [2][-]{subsection.2.2.4}{\376\377\000N\000e\000s\000t\000e\000d\000\040\000I\000f\000-\000E\000l\000s\000e\000\040\000S\000t\000a\000t\000e\000m\000e\000n\000t\000s}{section.2.2}% 81
\BOOKMARK [2][-]{subsection.2.2.5}{\376\377\000S\000w\000i\000t\000c\000h\000\040\000S\000t\000a\000t\000e\000m\000e\000n\000t}{section.2.2}% 82
\BOOKMARK [1][-]{section.2.3}{\376\377\000I\000t\000e\000r\000a\000t\000i\000o\000n\000\040\000S\000t\000a\000t\000e\000m\000e\000n\000t\000s}{chapter.2}% 83
\BOOKMARK [2][-]{subsection.2.3.1}{\376\377\000W\000h\000i\000l\000e\000\040\000L\000o\000o\000p}{section.2.3}% 84
\BOOKMARK [2][-]{subsection.2.3.2}{\376\377\000D\000o\000-\000W\000h\000i\000l\000e\000\040\000L\000o\000o\000p}{section.2.3}% 85
\BOOKMARK [2][-]{subsection.2.3.3}{\376\377\000F\000o\000r\000\040\000L\000o\000o\000p}{section.2.3}% 86
\BOOKMARK [2][-]{subsection.2.3.4}{\376\377\000F\000o\000r\000\040\000E\000a\000c\000h\000\040\000L\000o\000o\000p}{section.2.3}% 87
\BOOKMARK [2][-]{subsection.2.3.5}{\376\377\000N\000e\000s\000t\000e\000d\000\040\000L\000o\000o\000p\000s}{section.2.3}% 88
\BOOKMARK [1][-]{section.2.4}{\376\377\000J\000u\000m\000p\000\040\000S\000t\000a\000t\000e\000m\000e\000n\000t\000s}{chapter.2}% 89
\BOOKMARK [2][-]{subsection.2.4.1}{\376\377\000B\000r\000e\000a\000k\000\040\000S\000t\000a\000t\000e\000m\000e\000n\000t}{section.2.4}% 90
\BOOKMARK [2][-]{subsection.2.4.2}{\376\377\000B\000r\000e\000a\000k\000\040\000S\000t\000a\000t\000e\000m\000e\000n\000t\000\040\000t\000o\000\040\000E\000x\000i\000t\000\040\000a\000\040\000L\000o\000o\000p}{section.2.4}% 91
\BOOKMARK [2][-]{subsection.2.4.3}{\376\377\000B\000r\000e\000a\000k\000\040\000S\000t\000a\000t\000e\000m\000e\000n\000t\000\040\000a\000s\000\040\000a\000\040\000f\000o\000r\000m\000\040\000o\000f\000\040\000G\000o\000t\000o}{section.2.4}% 92
\BOOKMARK [2][-]{subsection.2.4.4}{\376\377\000C\000o\000n\000t\000i\000n\000u\000e\000\040\000S\000t\000a\000t\000e\000m\000e\000n\000t}{section.2.4}% 93
\BOOKMARK [2][-]{subsection.2.4.5}{\376\377\000R\000e\000t\000u\000r\000n\000\040\000S\000t\000a\000t\000e\000m\000e\000n\000t}{section.2.4}% 94
\BOOKMARK [1][-]{section.2.5}{\376\377\000S\000u\000m\000m\000a\000r\000y}{chapter.2}% 95
\BOOKMARK [0][-]{chapter.3}{\376\377\000M\000e\000t\000h\000o\000d\000s}{}% 96
\BOOKMARK [1][-]{section.3.1}{\376\377\000I\000n\000t\000r\000o\000d\000u\000c\000t\000i\000o\000n\000\040\000t\000o\000\040\000M\000e\000t\000h\000o\000d\000s}{chapter.3}% 97
\BOOKMARK [1][-]{section.3.2}{\376\377\000P\000a\000r\000a\000m\000e\000t\000e\000r\000s\000\040\000a\000n\000d\000\040\000A\000r\000g\000u\000m\000e\000n\000t\000s}{chapter.3}% 98
\BOOKMARK [1][-]{section.3.3}{\376\377\000T\000y\000p\000e\000s\000\040\000o\000f\000\040\000M\000e\000t\000h\000o\000d\000s}{chapter.3}% 99
\BOOKMARK [2][-]{subsection.3.3.1}{\376\377\000P\000r\000e\000d\000e\000f\000i\000n\000e\000d\000\040\000M\000e\000t\000h\000o\000d\000s}{section.3.3}% 100
\BOOKMARK [2][-]{subsection.3.3.2}{\376\377\000U\000s\000e\000r\000-\000D\000e\000f\000i\000n\000e\000d\000\040\000M\000e\000t\000h\000o\000d\000s}{section.3.3}% 101
\BOOKMARK [1][-]{section.3.4}{\376\377\000S\000t\000a\000t\000i\000c\000\040\000M\000e\000t\000h\000o\000d\000s}{chapter.3}% 102
\BOOKMARK [1][-]{section.3.5}{\376\377\000M\000e\000t\000h\000o\000d\000\040\000O\000v\000e\000r\000l\000o\000a\000d\000i\000n\000g}{chapter.3}% 103
\BOOKMARK [1][-]{section.3.6}{\376\377\000R\000e\000c\000u\000r\000s\000i\000o\000n}{chapter.3}% 104
\BOOKMARK [1][-]{section.3.7}{\376\377\000S\000u\000m\000m\000a\000r\000y}{chapter.3}% 105
\BOOKMARK [0][-]{chapter.4}{\376\377\000C\000l\000a\000s\000s\000e\000s\000\040\000a\000n\000d\000\040\000O\000b\000j\000e\000c\000t\000s}{}% 106
\BOOKMARK [1][-]{section.4.1}{\376\377\000I\000n\000t\000r\000o\000d\000u\000c\000t\000i\000o\000n\000\040\000t\000o\000\040\000C\000l\000a\000s\000s\000e\000s\000\040\000a\000n\000d\000\040\000O\000b\000j\000e\000c\000t\000s}{chapter.4}% 107
\BOOKMARK [1][-]{section.4.2}{\376\377\000D\000e\000c\000l\000a\000r\000a\000t\000i\000o\000n\000,\000\040\000I\000n\000i\000t\000i\000a\000l\000i\000z\000a\000t\000i\000o\000n\000,\000\040\000a\000n\000d\000\040\000I\000n\000s\000t\000a\000n\000t\000i\000a\000t\000i\000o\000n}{chapter.4}% 108
\BOOKMARK [1][-]{section.4.3}{\376\377\000C\000o\000n\000s\000t\000r\000u\000c\000t\000o\000r\000s}{chapter.4}% 109
\BOOKMARK [2][-]{subsection.4.3.1}{\376\377\000D\000e\000f\000a\000u\000l\000t\000\040\000C\000o\000n\000s\000t\000r\000u\000c\000t\000o\000r}{section.4.3}% 110
\BOOKMARK [2][-]{subsection.4.3.2}{\376\377\000P\000a\000r\000a\000m\000e\000t\000e\000r\000i\000z\000e\000d\000\040\000C\000o\000n\000s\000t\000r\000u\000c\000t\000o\000r}{section.4.3}% 111
\BOOKMARK [2][-]{subsection.4.3.3}{\376\377\000C\000o\000n\000s\000t\000r\000u\000c\000t\000o\000r\000\040\000O\000v\000e\000r\000l\000o\000a\000d\000i\000n\000g}{section.4.3}% 112
\BOOKMARK [1][-]{section.4.4}{\376\377\000S\000u\000m\000m\000a\000r\000y}{chapter.4}% 113
\BOOKMARK [0][-]{chapter.5}{\376\377\000F\000o\000u\000r\000\040\000P\000i\000l\000l\000a\000r\000s\000\040\000o\000f\000\040\000O\000b\000j\000e\000c\000t\000-\000O\000r\000i\000e\000n\000t\000e\000d\000\040\000P\000r\000o\000g\000r\000a\000m\000m\000i\000n\000g}{}% 114
\BOOKMARK [1][-]{section.5.1}{\376\377\000I\000n\000h\000e\000r\000i\000t\000a\000n\000c\000e}{chapter.5}% 115
\BOOKMARK [1][-]{section.5.2}{\376\377\000P\000o\000l\000y\000m\000o\000r\000p\000h\000i\000s\000m}{chapter.5}% 116
\BOOKMARK [1][-]{section.5.3}{\376\377\000E\000n\000c\000a\000p\000s\000u\000l\000a\000t\000i\000o\000n}{chapter.5}% 117
\BOOKMARK [1][-]{section.5.4}{\376\377\000A\000b\000s\000t\000r\000a\000c\000t\000i\000o\000n}{chapter.5}% 118
\BOOKMARK [1][-]{section.5.5}{\376\377\000T\000y\000p\000e\000c\000a\000s\000t\000i\000n\000g}{chapter.5}% 119
\BOOKMARK [2][-]{subsection.5.5.1}{\376\377\000D\000o\000w\000n\000c\000a\000s\000t\000i\000n\000g}{section.5.5}% 120
\BOOKMARK [2][-]{subsection.5.5.2}{\376\377\000U\000p\000c\000a\000s\000t\000i\000n\000g}{section.5.5}% 121
\BOOKMARK [1][-]{section.5.6}{\376\377\000S\000u\000m\000m\000a\000r\000y}{chapter.5}% 122
\BOOKMARK [0][-]{chapter.6}{\376\377\000C\000o\000m\000p\000o\000s\000i\000t\000i\000o\000n\000\040\000a\000n\000d\000\040\000E\000n\000u\000m\000e\000r\000a\000t\000i\000o\000n}{}% 123
\BOOKMARK [1][-]{section.6.1}{\376\377\000R\000e\000l\000a\000t\000i\000o\000n\000s\000h\000i\000p\000s\000\040\000B\000e\000t\000w\000e\000e\000n\000\040\000C\000l\000a\000s\000s\000e\000s}{chapter.6}% 124
\BOOKMARK [1][-]{section.6.2}{\376\377\000C\000o\000m\000p\000o\000s\000i\000t\000i\000o\000n}{chapter.6}% 125
\BOOKMARK [1][-]{section.6.3}{\376\377\000E\000n\000u\000m\000e\000r\000a\000t\000i\000o\000n}{chapter.6}% 126
\BOOKMARK [1][-]{section.6.4}{\376\377\000S\000u\000m\000m\000a\000r\000y}{chapter.6}% 127
\BOOKMARK [0][-]{chapter.7}{\376\377\000E\000x\000c\000e\000p\000t\000i\000o\000n\000\040\000H\000a\000n\000d\000l\000i\000n\000g\000\040\000a\000n\000d\000\040\000U\000n\000i\000t\000\040\000T\000e\000s\000t\000i\000n\000g}{}% 128
\BOOKMARK [1][-]{section.7.1}{\376\377\000T\000y\000p\000e\000s\000\040\000o\000f\000\040\000E\000x\000c\000e\000p\000t\000i\000o\000n\000s}{chapter.7}% 129
\BOOKMARK [1][-]{section.7.2}{\376\377\000T\000r\000y\000-\000C\000a\000t\000c\000h\000\040\000B\000l\000o\000c\000k}{chapter.7}% 130
\BOOKMARK [1][-]{section.7.3}{\376\377\000E\000x\000c\000e\000p\000t\000i\000o\000n\000\040\000T\000h\000r\000o\000w\000i\000n\000g\000\040\000a\000n\000d\000\040\000P\000r\000o\000p\000a\000g\000a\000t\000i\000o\000n}{chapter.7}% 131
\BOOKMARK [1][-]{section.7.4}{\376\377\000U\000n\000i\000t\000\040\000T\000e\000s\000t\000i\000n\000g}{chapter.7}% 132
\BOOKMARK [1][-]{section.7.5}{\376\377\000S\000u\000m\000m\000a\000r\000y}{chapter.7}% 133
\BOOKMARK [0][-]{chapter.8}{\376\377\000C\000o\000d\000i\000n\000g\000\040\000G\000u\000i\000d\000e\000l\000i\000n\000e\000s\000\040\000a\000n\000d\000\040\000B\000e\000s\000t\000\040\000P\000r\000a\000c\000t\000i\000c\000e\000s}{}% 134
\BOOKMARK [1][-]{section.8.1}{\376\377\000N\000a\000m\000i\000n\000g\000\040\000C\000o\000n\000v\000e\000n\000t\000i\000o\000n\000s}{chapter.8}% 135
\BOOKMARK [1][-]{section.8.2}{\376\377\000C\000o\000d\000e\000\040\000F\000o\000r\000m\000a\000t\000t\000i\000n\000g}{chapter.8}% 136
\BOOKMARK [1][-]{section.8.3}{\376\377\000D\000o\000c\000u\000m\000e\000n\000t\000a\000t\000i\000o\000n}{chapter.8}% 137
\BOOKMARK [1][-]{section.8.4}{\376\377\000C\000o\000d\000e\000\040\000M\000a\000i\000n\000t\000a\000i\000n\000a\000b\000i\000l\000i\000t\000y}{chapter.8}% 138
\BOOKMARK [1][-]{section.8.5}{\376\377\000S\000u\000m\000m\000a\000r\000y}{chapter.8}% 139
\BOOKMARK [0][-]{chapter.9}{\376\377\000R\000e\000f\000e\000r\000e\000n\000c\000e\000s}{}% 140
